# JRE version: Java(TM) SE Runtime Environment (7.0_45-b18) (build 1.7.0_45-b18)
# Java VM: Java HotSpot(TM) 64-Bit Server VM (24.45-b08 mixed mode bsd-amd64 compressed oops)
Heap
 PSYoungGen      total 23040K, used 7712K [0x000000013d400000, 0x000000013eb80000, 0x0000000152980000)
  eden space 22528K, 34% used [0x000000013d400000,0x000000013db88190,0x000000013ea00000)
  from space 512K, 0% used [0x000000013ea80000,0x000000013ea80000,0x000000013eb00000)
  to   space 512K, 0% used [0x000000013eb00000,0x000000013eb00000,0x000000013eb80000)
 ParOldGen       total 65536K, used 17230K [0x0000000112980000, 0x0000000116980000, 0x000000013d400000)
  object space 65536K, 26% used [0x0000000112980000,0x0000000113a53928,0x0000000116980000)
 PSPermGen       total 21504K, used 9449K [0x000000010d780000, 0x000000010ec80000, 0x0000000112980000)
  object space 21504K, 43% used [0x000000010d780000,0x000000010e0ba680,0x000000010ec80000)
GC Heap History (10 events):
Event: 81349.655 GC heap before
{Heap before GC invocations=236 (full 2):
 PSYoungGen      total 23040K, used 22624K [0x000000013d400000, 0x000000013eb80000, 0x0000000152980000)
  eden space 22528K, 100% used [0x000000013d400000,0x000000013ea00000,0x000000013ea00000)
  from space 512K, 18% used [0x000000013ea80000,0x000000013ea98000,0x000000013eb00000)
  to   space 512K, 0% used [0x000000013eb00000,0x000000013eb00000,0x000000013eb80000)
 ParOldGen       total 59904K, used 39199K [0x0000000112980000, 0x0000000116400000, 0x000000013d400000)
  object space 59904K, 65% used [0x0000000112980000,0x0000000114fc7ea0,0x0000000116400000)
 PSPermGen       total 21504K, used 9449K [0x000000010d780000, 0x000000010ec80000, 0x0000000112980000)
  object space 21504K, 43% used [0x000000010d780000,0x000000010e0ba680,0x000000010ec80000)
Event: 81349.655 GC heap after
Heap after GC invocations=236 (full 2):
 PSYoungGen      total 23040K, used 64K [0x000000013d400000, 0x000000013eb80000, 0x0000000152980000)
  eden space 22528K, 0% used [0x000000013d400000,0x000000013d400000,0x000000013ea00000)
  from space 512K, 12% used [0x000000013eb00000,0x000000013eb10000,0x000000013eb80000)
  to   space 512K, 0% used [0x000000013ea80000,0x000000013ea80000,0x000000013eb00000)
 ParOldGen       total 59904K, used 39199K [0x0000000112980000, 0x0000000116400000, 0x000000013d400000)
  object space 59904K, 65% used [0x0000000112980000,0x0000000114fc7ea0,0x0000000116400000)
 PSPermGen       total 21504K, used 9449K [0x000000010d780000, 0x000000010ec80000, 0x0000000112980000)
  object space 21504K, 43% used [0x000000010d780000,0x000000010e0ba680,0x000000010ec80000)
}
Event: 81741.375 GC heap before
{Heap before GC invocations=237 (full 2):
 PSYoungGen      total 23040K, used 22592K [0x000000013d400000, 0x000000013eb80000, 0x0000000152980000)
  eden space 22528K, 100% used [0x000000013d400000,0x000000013ea00000,0x000000013ea00000)
  from space 512K, 12% used [0x000000013eb00000,0x000000013eb10000,0x000000013eb80000)
  to   space 512K, 0% used [0x000000013ea80000,0x000000013ea80000,0x000000013eb00000)
 ParOldGen       total 59904K, used 39199K [0x0000000112980000, 0x0000000116400000, 0x000000013d400000)
  object space 59904K, 65% used [0x0000000112980000,0x0000000114fc7ea0,0x0000000116400000)
 PSPermGen       total 21504K, used 9449K [0x000000010d780000, 0x000000010ec80000, 0x0000000112980000)
  object space 21504K, 43% used [0x000000010d780000,0x000000010e0ba680,0x000000010ec80000)
Event: 81741.376 GC heap after
Heap after GC invocations=237 (full 2):
 PSYoungGen      total 23040K, used 96K [0x000000013d400000, 0x000000013eb80000, 0x0000000152980000)
  eden space 22528K, 0% used [0x000000013d400000,0x000000013d400000,0x000000013ea00000)
  from space 512K, 18% used [0x000000013ea80000,0x000000013ea98000,0x000000013eb00000)
  to   space 512K, 0% used [0x000000013eb00000,0x000000013eb00000,0x000000013eb80000)
 ParOldGen       total 59904K, used 39199K [0x0000000112980000, 0x0000000116400000, 0x000000013d400000)
  object space 59904K, 65% used [0x0000000112980000,0x0000000114fc7ea0,0x0000000116400000)
 PSPermGen       total 21504K, used 9449K [0x000000010d780000, 0x000000010ec80000, 0x0000000112980000)
  object space 21504K, 43% used [0x000000010d780000,0x000000010e0ba680,0x000000010ec80000)
}
Event: 82133.087 GC heap before
{Heap before GC invocations=238 (full 2):
 PSYoungGen      total 23040K, used 22624K [0x000000013d400000, 0x000000013eb80000, 0x0000000152980000)
  eden space 22528K, 100% used [0x000000013d400000,0x000000013ea00000,0x000000013ea00000)
  from space 512K, 18% used [0x000000013ea80000,0x000000013ea98000,0x000000013eb00000)
  to   space 512K, 0% used [0x000000013eb00000,0x000000013eb00000,0x000000013eb80000)
 ParOldGen       total 59904K, used 39199K [0x0000000112980000, 0x0000000116400000, 0x000000013d400000)
  object space 59904K, 65% used [0x0000000112980000,0x0000000114fc7ea0,0x0000000116400000)
 PSPermGen       total 21504K, used 9449K [0x000000010d780000, 0x000000010ec80000, 0x0000000112980000)
  object space 21504K, 43% used [0x000000010d780000,0x000000010e0ba680,0x000000010ec80000)
Event: 82133.088 GC heap after
Heap after GC invocations=238 (full 2):
 PSYoungGen      total 23040K, used 96K [0x000000013d400000, 0x000000013eb80000, 0x0000000152980000)
  eden space 22528K, 0% used [0x000000013d400000,0x000000013d400000,0x000000013ea00000)
  from space 512K, 18% used [0x000000013eb00000,0x000000013eb18000,0x000000013eb80000)
  to   space 512K, 0% used [0x000000013ea80000,0x000000013ea80000,0x000000013eb00000)
 ParOldGen       total 59904K, used 39199K [0x0000000112980000, 0x0000000116400000, 0x000000013d400000)
  object space 59904K, 65% used [0x0000000112980000,0x0000000114fc7ea0,0x0000000116400000)
 PSPermGen       total 21504K, used 9449K [0x000000010d780000, 0x000000010ec80000, 0x0000000112980000)
  object space 21504K, 43% used [0x000000010d780000,0x000000010e0ba680,0x000000010ec80000)
}
Event: 82281.970 GC heap before
{Heap before GC invocations=239 (full 2):
 PSYoungGen      total 23040K, used 16081K [0x000000013d400000, 0x000000013eb80000, 0x0000000152980000)
  eden space 22528K, 70% used [0x000000013d400000,0x000000013e39c6e0,0x000000013ea00000)
  from space 512K, 18% used [0x000000013eb00000,0x000000013eb18000,0x000000013eb80000)
  to   space 512K, 0% used [0x000000013ea80000,0x000000013ea80000,0x000000013eb00000)
 ParOldGen       total 59904K, used 39199K [0x0000000112980000, 0x0000000116400000, 0x000000013d400000)
  object space 59904K, 65% used [0x0000000112980000,0x0000000114fc7ea0,0x0000000116400000)
 PSPermGen       total 21504K, used 9449K [0x000000010d780000, 0x000000010ec80000, 0x0000000112980000)
  object space 21504K, 43% used [0x000000010d780000,0x000000010e0ba6a0,0x000000010ec80000)
Event: 82281.995 GC heap after
Heap after GC invocations=239 (full 2):
 PSYoungGen      total 23040K, used 96K [0x000000013d400000, 0x000000013eb80000, 0x0000000152980000)
  eden space 22528K, 0% used [0x000000013d400000,0x000000013d400000,0x000000013ea00000)
  from space 512K, 18% used [0x000000013ea80000,0x000000013ea98000,0x000000013eb00000)
  to   space 512K, 0% used [0x000000013eb00000,0x000000013eb00000,0x000000013eb80000)
 ParOldGen       total 67584K, used 61143K [0x0000000112980000, 0x0000000116b80000, 0x000000013d400000)
  object space 67584K, 90% used [0x0000000112980000,0x0000000116535c40,0x0000000116b80000)
 PSPermGen       total 21504K, used 9449K [0x000000010d780000, 0x000000010ec80000, 0x0000000112980000)
  object space 21504K, 43% used [0x000000010d780000,0x000000010e0ba6a0,0x000000010ec80000)
}
Event: 82281.995 GC heap before
{Heap before GC invocations=240 (full 3):
 PSYoungGen      total 23040K, used 96K [0x000000013d400000, 0x000000013eb80000, 0x0000000152980000)
  eden space 22528K, 0% used [0x000000013d400000,0x000000013d400000,0x000000013ea00000)
  from space 512K, 18% used [0x000000013ea80000,0x000000013ea98000,0x000000013eb00000)
  to   space 512K, 0% used [0x000000013eb00000,0x000000013eb00000,0x000000013eb80000)
 ParOldGen       total 67584K, used 61143K [0x0000000112980000, 0x0000000116b80000, 0x000000013d400000)
  object space 67584K, 90% used [0x0000000112980000,0x0000000116535c40,0x0000000116b80000)
 PSPermGen       total 21504K, used 9449K [0x000000010d780000, 0x000000010ec80000, 0x0000000112980000)
  object space 21504K, 43% used [0x000000010d780000,0x000000010e0ba6a0,0x000000010ec80000)
Event: 82282.031 GC heap after
Heap after GC invocations=240 (full 3):
 PSYoungGen      total 23040K, used 0K [0x000000013d400000, 0x000000013eb80000, 0x0000000152980000)
  eden space 22528K, 0% used [0x000000013d400000,0x000000013d400000,0x000000013ea00000)
  from space 512K, 0% used [0x000000013ea80000,0x000000013ea80000,0x000000013eb00000)
  to   space 512K, 0% used [0x000000013eb00000,0x000000013eb00000,0x000000013eb80000)
 ParOldGen       total 65536K, used 17230K [0x0000000112980000, 0x0000000116980000, 0x000000013d400000)
  object space 65536K, 26% used [0x0000000112980000,0x0000000113a53928,0x0000000116980000)
 PSPermGen       total 21504K, used 9449K [0x000000010d780000, 0x000000010ec80000, 0x0000000112980000)
  object space 21504K, 43% used [0x000000010d780000,0x000000010e0ba680,0x000000010ec80000)
}

